<?xml version="1.0" encoding="UTF-8"?>
<!-- Generated by org.testng.reporters.JUnitXMLReporter -->
<testsuite hostname="marten-VirtualBox" name="Surefire test" tests="9" failures="0" timestamp="15 Mar 2021 07:07:30 GMT" time="0.231" errors="0">
  <testcase name="testMultiplication on testMultiplication(com.nackademin.marten_steimer_assignment02.BasicCalculatorTest)" time="0.043" classname="com.nackademin.marten_steimer_assignment02.BasicCalculatorTest"/>
  <testcase name="testAddition on testAddition(com.nackademin.marten_steimer_assignment02.BasicCalculatorTest)" time="0.029" classname="com.nackademin.marten_steimer_assignment02.BasicCalculatorTest"/>
  <testcase name="testDivision on testDivision(com.nackademin.marten_steimer_assignment02.BasicCalculatorTest)" time="0.021" classname="com.nackademin.marten_steimer_assignment02.BasicCalculatorTest"/>
  <testcase name="testSubtraction on testSubtraction(com.nackademin.marten_steimer_assignment02.BasicCalculatorTest)" time="0.011" classname="com.nackademin.marten_steimer_assignment02.BasicCalculatorTest"/>
  <testcase name="testLogarithm on testLogarithm(com.nackademin.marten_steimer_assignment02.AdvancedCalculatorTest)" time="0.006" classname="com.nackademin.marten_steimer_assignment02.AdvancedCalculatorTest"/>
  <testcase name="testPowerOf on testPowerOf(com.nackademin.marten_steimer_assignment02.AdvancedCalculatorTest)" time="0.009" classname="com.nackademin.marten_steimer_assignment02.AdvancedCalculatorTest"/>
  <testcase name="testsquareRoot on testsquareRoot(com.nackademin.marten_steimer_assignment02.AdvancedCalculatorTest)" time="0.004" classname="com.nackademin.marten_steimer_assignment02.AdvancedCalculatorTest"/>
  <testcase name="testabsoluteValue on testabsoluteValue(com.nackademin.marten_steimer_assignment02.AdvancedCalculatorTest)" time="0.008" classname="com.nackademin.marten_steimer_assignment02.AdvancedCalculatorTest"/>
  <testcase name="testSquare on testSquare(com.nackademin.marten_steimer_assignment02.AdvancedCalculatorTest)" time="0.006" classname="com.nackademin.marten_steimer_assignment02.AdvancedCalculatorTest"/>
</testsuite> <!-- Surefire test -->
